<?xml version="1.0" encoding="UTF-8"?>
<testsuite xmlns:xsi="http://www.w3.org/2001/XMLSchema-instance" xsi:noNamespaceSchemaLocation="https://maven.apache.org/surefire/maven-surefire-plugin/xsd/surefire-test-report-3.0.xsd" version="3.0" name="com.userproductmanagement.letsplay.LetsPlayApplicationTests" time="3.563" tests="1" errors="0" skipped="0" failures="0">
  <properties>
[...]
</properties>
  <testcase name="contextLoads" classname="com.userproductmanagement.letsplay.LetsPlayApplicationTests" time="0.794">
    <system-out><![CDATA[18:38:13.237 [main] INFO org.springframework.test.context.support.AnnotationConfigContextLoaderUtils -- Could not detect default configuration classes for test class [com.userproductmanagement.letsplay.LetsPlayApplicationTests]: LetsPlayApplicationTests does not declare any static, non-private, non-final, nested classes annotated with @Configuration.
18:38:13.346 [main] INFO org.springframework.boot.test.context.SpringBootTestContextBootstrapper -- Found @SpringBootConfiguration com.userproductmanagement.letsplay.LetsPlayApplication for test class com.userproductmanagement.letsplay.LetsPlayApplicationTests

  .   ____          _            __ _ _
 /\\ / ___'_ __ _ _(_)_ __  __ _ \ \ \ \
( ( )\___ | '_ | '_| | '_ \/ _` | \ \ \ \
 \\/  ___)| |_)| | | | | || (_| |  ) ) ) )
  '  |____| .__|_| |_|_| |_\__, | / / / /
 =========|_|==============|___/=/_/_/_/
 :: Spring Boot ::                (v3.1.5)

2023-11-19T18:38:13.715+02:00  INFO 20501 --- [           main] c.u.letsplay.LetsPlayApplicationTests    : Starting LetsPlayApplicationTests using Java 17.0.9 with PID 20501 (started by tiialaukkanen in /Users/tiialaukkanen/Downloads/lets-play)
2023-11-19T18:38:13.716+02:00  INFO 20501 --- [           main] c.u.letsplay.LetsPlayApplicationTests    : No active profile set, falling back to 1 default profile: "default"
2023-11-19T18:38:14.345+02:00  INFO 20501 --- [           main] .s.d.r.c.RepositoryConfigurationDelegate : Bootstrapping Spring Data MongoDB repositories in DEFAULT mode.
2023-11-19T18:38:14.405+02:00  INFO 20501 --- [           main] .s.d.r.c.RepositoryConfigurationDelegate : Finished Spring Data repository scanning in 55 ms. Found 2 MongoDB repository interfaces.
2023-11-19T18:38:14.879+02:00  INFO 20501 --- [           main] org.mongodb.driver.client                : MongoClient with metadata {"driver": {"name": "mongo-java-driver|sync|spring-boot", "version": "4.9.1"}, "os": {"type": "Darwin", "name": "Mac OS X", "architecture": "x86_64", "version": "13.4"}, "platform": "Java/GraalVM Community/17.0.9+9-jvmci-23.0-b22"} created with settings MongoClientSettings{readPreference=primary, writeConcern=WriteConcern{w=majority, wTimeout=null ms, journal=null}, retryWrites=true, retryReads=true, readConcern=ReadConcern{level=null}, credential=MongoCredential{mechanism=null, userName='tiia', source='admin', password=<hidden>, mechanismProperties=<hidden>}, streamFactoryFactory=null, commandListeners=[], codecRegistry=ProvidersCodecRegistry{codecProviders=[ValueCodecProvider{}, BsonValueCodecProvider{}, DBRefCodecProvider{}, DBObjectCodecProvider{}, DocumentCodecProvider{}, CollectionCodecProvider{}, IterableCodecProvider{}, MapCodecProvider{}, GeoJsonCodecProvider{}, GridFSFileCodecProvider{}, Jsr310CodecProvider{}, JsonObjectCodecProvider{}, BsonCodecProvider{}, EnumCodecProvider{}, com.mongodb.client.model.mql.ExpressionCodecProvider@4a3bd45b, com.mongodb.Jep395RecordCodecProvider@34c70b5e]}, loggerSettings=LoggerSettings{maxDocumentLength=1000}, clusterSettings={hosts=[127.0.0.1:27017], srvHost=letsplaydb.pyo9xoc.mongodb.net, srvServiceName=mongodb, mode=MULTIPLE, requiredClusterType=REPLICA_SET, requiredReplicaSetName='atlas-ay7wh8-shard-0', serverSelector='null', clusterListeners='[]', serverSelectionTimeout='30000 ms', localThreshold='30000 ms'}, socketSettings=SocketSettings{connectTimeoutMS=10000, readTimeoutMS=0, receiveBufferSize=0, sendBufferSize=0}, heartbeatSocketSettings=SocketSettings{connectTimeoutMS=10000, readTimeoutMS=10000, receiveBufferSize=0, sendBufferSize=0}, connectionPoolSettings=ConnectionPoolSettings{maxSize=100, minSize=0, maxWaitTimeMS=120000, maxConnectionLifeTimeMS=0, maxConnectionIdleTimeMS=0, maintenanceInitialDelayMS=0, maintenanceFrequencyMS=60000, connectionPoolListeners=[], maxConnecting=2}, serverSettings=ServerSettings{heartbeatFrequencyMS=10000, minHeartbeatFrequencyMS=500, serverListeners='[]', serverMonitorListeners='[]'}, sslSettings=SslSettings{enabled=true, invalidHostNameAllowed=false, context=null}, applicationName='null', compressorList=[], uuidRepresentation=JAVA_LEGACY, serverApi=null, autoEncryptionSettings=null, contextProvider=null}
2023-11-19T18:38:14.915+02:00  INFO 20501 --- [xoc.mongodb.net] org.mongodb.driver.cluster               : Adding discovered server ac-fuv2g3e-shard-00-02.pyo9xoc.mongodb.net:27017 to client view of cluster
2023-11-19T18:38:14.936+02:00  INFO 20501 --- [xoc.mongodb.net] org.mongodb.driver.cluster               : Adding discovered server ac-fuv2g3e-shard-00-00.pyo9xoc.mongodb.net:27017 to client view of cluster
2023-11-19T18:38:14.937+02:00  INFO 20501 --- [xoc.mongodb.net] org.mongodb.driver.cluster               : Adding discovered server ac-fuv2g3e-shard-00-01.pyo9xoc.mongodb.net:27017 to client view of cluster
2023-11-19T18:38:15.401+02:00  INFO 20501 --- [           main] o.s.s.web.DefaultSecurityFilterChain     : Will secure any request with [org.springframework.security.web.session.DisableEncodeUrlFilter@5657967b, org.springframework.security.web.context.request.async.WebAsyncManagerIntegrationFilter@61394494, org.springframework.security.web.context.SecurityContextHolderFilter@7e7740a5, org.springframework.security.web.header.HeaderWriterFilter@76396509, org.springframework.security.web.authentication.logout.LogoutFilter@6380e9e9, com.userproductmanagement.letsplay.config.JwtAuthenticationFilter@578a5ce8, org.springframework.security.web.savedrequest.RequestCacheAwareFilter@7e61e25c, org.springframework.security.web.servletapi.SecurityContextHolderAwareRequestFilter@2e6d76ba, org.springframework.security.web.authentication.AnonymousAuthenticationFilter@7c453c34, org.springframework.security.web.session.SessionManagementFilter@512abf25, org.springframework.security.web.access.ExceptionTranslationFilter@2ca3d826, org.springframework.security.web.access.intercept.AuthorizationFilter@16d431b4]
2023-11-19T18:38:15.721+02:00  INFO 20501 --- [ngodb.net:27017] org.mongodb.driver.cluster               : Monitor thread successfully connected to server with description ServerDescription{address=ac-fuv2g3e-shard-00-01.pyo9xoc.mongodb.net:27017, type=REPLICA_SET_SECONDARY, state=CONNECTED, ok=true, minWireVersion=0, maxWireVersion=17, maxDocumentSize=16777216, logicalSessionTimeoutMinutes=30, roundTripTimeNanos=452837360, setName='atlas-ay7wh8-shard-0', canonicalAddress=ac-fuv2g3e-shard-00-01.pyo9xoc.mongodb.net:27017, hosts=[ac-fuv2g3e-shard-00-00.pyo9xoc.mongodb.net:27017, ac-fuv2g3e-shard-00-02.pyo9xoc.mongodb.net:27017, ac-fuv2g3e-shard-00-01.pyo9xoc.mongodb.net:27017], passives=[], arbiters=[], primary='ac-fuv2g3e-shard-00-02.pyo9xoc.mongodb.net:27017', tagSet=TagSet{[Tag{name='availabilityZone', value='use1-az4'}, Tag{name='nodeType', value='ELECTABLE'}, Tag{name='provider', value='AWS'}, Tag{name='region', value='US_EAST_1'}, Tag{name='workloadType', value='OPERATIONAL'}]}, electionId=null, setVersion=12, topologyVersion=TopologyVersion{processId=6556daff227343db8905409a, counter=3}, lastWriteDate=Sun Nov 19 18:38:15 EET 2023, lastUpdateTimeNanos=86781853815368}
2023-11-19T18:38:15.721+02:00  INFO 20501 --- [ngodb.net:27017] org.mongodb.driver.cluster               : Monitor thread successfully connected to server with description ServerDescription{address=ac-fuv2g3e-shard-00-02.pyo9xoc.mongodb.net:27017, type=REPLICA_SET_PRIMARY, state=CONNECTED, ok=true, minWireVersion=0, maxWireVersion=17, maxDocumentSize=16777216, logicalSessionTimeoutMinutes=30, roundTripTimeNanos=456944455, setName='atlas-ay7wh8-shard-0', canonicalAddress=ac-fuv2g3e-shard-00-02.pyo9xoc.mongodb.net:27017, hosts=[ac-fuv2g3e-shard-00-00.pyo9xoc.mongodb.net:27017, ac-fuv2g3e-shard-00-02.pyo9xoc.mongodb.net:27017, ac-fuv2g3e-shard-00-01.pyo9xoc.mongodb.net:27017], passives=[], arbiters=[], primary='ac-fuv2g3e-shard-00-02.pyo9xoc.mongodb.net:27017', tagSet=TagSet{[Tag{name='availabilityZone', value='use1-az6'}, Tag{name='nodeType', value='ELECTABLE'}, Tag{name='provider', value='AWS'}, Tag{name='region', value='US_EAST_1'}, Tag{name='workloadType', value='OPERATIONAL'}]}, electionId=7fffffff000000000000010c, setVersion=12, topologyVersion=TopologyVersion{processId=65542aa6c525f41e5b52701f, counter=9}, lastWriteDate=Sun Nov 19 18:38:15 EET 2023, lastUpdateTimeNanos=86781853799916}
2023-11-19T18:38:15.721+02:00  INFO 20501 --- [ngodb.net:27017] org.mongodb.driver.cluster               : Monitor thread successfully connected to server with description ServerDescription{address=ac-fuv2g3e-shard-00-00.pyo9xoc.mongodb.net:27017, type=REPLICA_SET_SECONDARY, state=CONNECTED, ok=true, minWireVersion=0, maxWireVersion=17, maxDocumentSize=16777216, logicalSessionTimeoutMinutes=30, roundTripTimeNanos=456925275, setName='atlas-ay7wh8-shard-0', canonicalAddress=ac-fuv2g3e-shard-00-00.pyo9xoc.mongodb.net:27017, hosts=[ac-fuv2g3e-shard-00-00.pyo9xoc.mongodb.net:27017, ac-fuv2g3e-shard-00-02.pyo9xoc.mongodb.net:27017, ac-fuv2g3e-shard-00-01.pyo9xoc.mongodb.net:27017], passives=[], arbiters=[], primary='ac-fuv2g3e-shard-00-02.pyo9xoc.mongodb.net:27017', tagSet=TagSet{[Tag{name='availabilityZone', value='use1-az2'}, Tag{name='nodeType', value='ELECTABLE'}, Tag{name='provider', value='AWS'}, Tag{name='region', value='US_EAST_1'}, Tag{name='workloadType', value='OPERATIONAL'}]}, electionId=null, setVersion=12, topologyVersion=TopologyVersion{processId=6551e522fe0719b738437b7c, counter=31}, lastWriteDate=Sun Nov 19 18:38:15 EET 2023, lastUpdateTimeNanos=86781853800914}
2023-11-19T18:38:15.727+02:00  INFO 20501 --- [ngodb.net:27017] org.mongodb.driver.cluster               : Discovered replica set primary ac-fuv2g3e-shard-00-02.pyo9xoc.mongodb.net:27017 with max election id 7fffffff000000000000010c and max set version 12
2023-11-19T18:38:15.831+02:00  INFO 20501 --- [           main] c.u.letsplay.LetsPlayApplicationTests    : Started LetsPlayApplicationTests in 2.348 seconds (process running for 3.304)
]]></system-out>
  </testcase>
</testsuite>